app/build/outputs/apk/manifest-merger-debug-report.txt
-- Merging decision tree log ---
manifest
ADDED from AndroidManifest.xml:22:1
	xmlns:android
		ADDED from AndroidManifest.xml:22:11
	package
		ADDED from AndroidManifest.xml:23:5
		INJECTED from AndroidManifest.xml:0:0
		INJECTED from AndroidManifest.xml:0:0
uses-permission#android.permission.INTERNET
ADDED from AndroidManifest.xml:26:5
	android:name
		ADDED from AndroidManifest.xml:26:22
uses-permission#android.permission.SYSTEM_ALERT_WINDOW
ADDED from AndroidManifest.xml:29:5
	android:name
		ADDED from AndroidManifest.xml:29:22
uses-sdk
ADDED from AndroidManifest.xml:31:5
MERGED from com.android.support:appcompat-v7:19.1.0:18:5
MERGED from com.android.support:gridlayout-v7:19.1.0:18:5
MERGED from com.android.support:mediarouter-v7:19.1.0:17:5
MERGED from com.android.support:appcompat-v7:19.1.0:18:5
	android:targetSdkVersion
		ADDED from AndroidManifest.xml:31:41
		INJECTED from AndroidManifest.xml:0:0
		INJECTED from AndroidManifest.xml:0:0
	android:minSdkVersion
		ADDED from AndroidManifest.xml:31:15
		INJECTED from AndroidManifest.xml:0:0
		INJECTED from AndroidManifest.xml:0:0
supports-screens
ADDED from AndroidManifest.xml:37:5
	android:requiresSmallestWidthDp
		ADDED from AndroidManifest.xml:37:23
	android:compatibleWidthLimitDp
		ADDED from AndroidManifest.xml:38:13
application
ADDED from AndroidManifest.xml:40:5
MERGED from com.android.support:appcompat-v7:19.1.0:19:5
MERGED from com.android.support:gridlayout-v7:19.1.0:19:5
MERGED from com.android.support:mediarouter-v7:19.1.0:18:5
MERGED from com.android.support:appcompat-v7:19.1.0:19:5
	android:label
		ADDED from AndroidManifest.xml:40:18
	android:icon
		ADDED from AndroidManifest.xml:41:13
	android:hardwareAccelerated
		ADDED from AndroidManifest.xml:42:13
activity#com.example.android.supportv7.Support7Demos
ADDED from AndroidManifest.xml:44:9
	android:name
		ADDED from AndroidManifest.xml:44:19
intent-filter#android.intent.action.MAIN+android.intent.category.DEFAULT+android.intent.category.LAUNCHER
ADDED from AndroidManifest.xml:45:13
action#android.intent.action.MAIN
ADDED from AndroidManifest.xml:46:17
	android:name
		ADDED from AndroidManifest.xml:46:25
category#android.intent.category.DEFAULT
ADDED from AndroidManifest.xml:47:17
	android:name
		ADDED from AndroidManifest.xml:47:27
category#android.intent.category.LAUNCHER
ADDED from AndroidManifest.xml:48:17
	android:name
		ADDED from AndroidManifest.xml:48:27
receiver#com.example.android.supportv7.media.SampleMediaButtonReceiver
ADDED from AndroidManifest.xml:51:9
	android:name
		ADDED from AndroidManifest.xml:51:19
intent-filter#android.intent.action.MEDIA_BUTTON
ADDED from AndroidManifest.xml:52:13
action#android.intent.action.MEDIA_BUTTON
ADDED from AndroidManifest.xml:53:17
	android:name
		ADDED from AndroidManifest.xml:53:25
activity#com.example.android.supportv7.media.SampleMediaRouterActivity
ADDED from AndroidManifest.xml:58:9
	android:label
		ADDED from AndroidManifest.xml:59:17
	android:theme
		ADDED from AndroidManifest.xml:60:17
	android:name
		ADDED from AndroidManifest.xml:58:19
intent-filter#android.intent.action.MAIN+com.example.android.supportv7.SAMPLE_CODE
ADDED from AndroidManifest.xml:61:13
category#com.example.android.supportv7.SAMPLE_CODE
ADDED from AndroidManifest.xml:63:17
	android:name
		ADDED from AndroidManifest.xml:63:27
activity#com.example.android.supportv7.media.SampleMediaRouterActivity$Light
ADDED from AndroidManifest.xml:67:9
	android:label
		ADDED from AndroidManifest.xml:68:17
	android:theme
		ADDED from AndroidManifest.xml:69:17
	android:name
		ADDED from AndroidManifest.xml:67:19
activity#com.example.android.supportv7.media.SampleMediaRouterActivity$LightWithDarkActionBar
ADDED from AndroidManifest.xml:76:9
	android:label
		ADDED from AndroidManifest.xml:77:17
	android:theme
		ADDED from AndroidManifest.xml:78:17
	android:name
		ADDED from AndroidManifest.xml:76:19
service#com.example.android.supportv7.media.SampleMediaRouteProviderService
ADDED from AndroidManifest.xml:85:9
	android:label
		ADDED from AndroidManifest.xml:86:17
	android:process
		ADDED from AndroidManifest.xml:87:17
	android:name
		ADDED from AndroidManifest.xml:85:18
intent-filter#android.media.MediaRouteProviderService
ADDED from AndroidManifest.xml:88:13
action#android.media.MediaRouteProviderService
ADDED from AndroidManifest.xml:89:17
	android:name
		ADDED from AndroidManifest.xml:89:25
activity#com.example.android.supportv7.view.GridLayout1
ADDED from AndroidManifest.xml:95:9
	android:label
		ADDED from AndroidManifest.xml:96:17
	android:name
		ADDED from AndroidManifest.xml:95:19
activity#com.example.android.supportv7.view.GridLayout2
ADDED from AndroidManifest.xml:103:9
	android:label
		ADDED from AndroidManifest.xml:104:17
	android:name
		ADDED from AndroidManifest.xml:103:19
activity#com.example.android.supportv7.view.GridLayout3
ADDED from AndroidManifest.xml:111:9
	android:label
		ADDED from AndroidManifest.xml:112:17
	android:name
		ADDED from AndroidManifest.xml:111:19
activity#com.example.android.supportv7.app.ActionBarMechanics
ADDED from AndroidManifest.xml:120:9
	android:label
		ADDED from AndroidManifest.xml:121:17
	android:theme
		ADDED from AndroidManifest.xml:122:17
	android:name
		ADDED from AndroidManifest.xml:120:19
activity#com.example.android.supportv7.app.ActionBarUsage
ADDED from AndroidManifest.xml:129:9
	android:label
		ADDED from AndroidManifest.xml:130:17
	android:theme
		ADDED from AndroidManifest.xml:131:17
	android:name
		ADDED from AndroidManifest.xml:129:19
activity#com.example.android.supportv7.app.ActionBarDisplayOptions
ADDED from AndroidManifest.xml:138:9
	android:label
		ADDED from AndroidManifest.xml:139:17
	android:theme
		ADDED from AndroidManifest.xml:141:17
	android:name
		ADDED from AndroidManifest.xml:138:19
	android:logo
		ADDED from AndroidManifest.xml:140:17
activity#com.example.android.supportv7.app.ActionBarTabs
ADDED from AndroidManifest.xml:148:9
	android:label
		ADDED from AndroidManifest.xml:149:17
	android:theme
		ADDED from AndroidManifest.xml:150:17
	android:name
		ADDED from AndroidManifest.xml:148:19
activity#com.example.android.supportv7.app.ActionBarSettingsActionProviderActivity
ADDED from AndroidManifest.xml:157:9
	android:label
		ADDED from AndroidManifest.xml:158:17
	android:theme
		ADDED from AndroidManifest.xml:159:17
	android:name
		ADDED from AndroidManifest.xml:157:19
activity#com.example.android.supportv7.app.ActionBarFragmentMenu
ADDED from AndroidManifest.xml:166:9
	android:label
		ADDED from AndroidManifest.xml:167:17
	android:theme
		ADDED from AndroidManifest.xml:168:17
	android:name
		ADDED from AndroidManifest.xml:166:19